<?xml version="1.0" encoding="UTF-8"?>
<!-- Generated by org.testng.reporters.JUnitReportReporter -->
<testsuite hostname="NoteAsusCarliAdri" failures="0" tests="1" name="com.carina.demo.HelloWorld" time="0.038" errors="0" timestamp="2024-02-11T06:11:30 ART" skipped="0">
  <testcase classname="com.carina.demo.HelloWorld" name="helloWorld" time="0.038"/>
  <system-out/>
</testsuite> <!-- com.carina.demo.HelloWorld -->
